<?xml version="1.0" encoding="UTF-8"?>
<!-- Generated by org.testng.reporters.JUnitXMLReporter -->
<testsuite ignored="0" hostname="LTIN719129" failures="0" tests="4" name="Default test" time="9.129" errors="0" timestamp="2026-05-06T09:15:32 IST">
  <testcase classname="test.TestMain" name="testHomeLoanPageurl" time="0.85"/>
  <testcase classname="test.TestMain" name="testHomeLoanCalculation" time="3.844"/>
  <testcase classname="test.TestMain" name="testExcelDataExport" time="1.722"/>
  <testcase classname="test.TestMain" name="testInputUpdateValidation" time="2.613"/>
</testsuite> <!-- Default test -->
