<?xml version="1.0" encoding="UTF-8"?>
<!-- Generated by org.testng.reporters.JUnitXMLReporter -->
<testsuite ignored="4" hostname="LTIN718395" failures="0" tests="10" name="Test" time="0.117" errors="0" timestamp="2026-05-06T13:38:15 IST">
  <testcase classname="tests.BaseTest" name="@BeforeSuite setUp" time="4119.599">
    <failure type="org.openqa.selenium.SessionNotCreatedException" message="Could not start a new session. Possible causes are invalid address of the remote server or browser start-up failure. 
Host info: host: &amp;apos;LTIN718395&amp;apos;, ip: &amp;apos;10.187.163.164&amp;apos;">
      <![CDATA[org.openqa.selenium.SessionNotCreatedException: Could not start a new session. Possible causes are invalid address of the remote server or browser start-up failure. 
Host info: host: 'LTIN718395', ip: '10.187.163.164'
at org.openqa.selenium.remote.RemoteWebDriver.execute(RemoteWebDriver.java:536)
at org.openqa.selenium.remote.RemoteWebDriver.startSession(RemoteWebDriver.java:232)
at org.openqa.selenium.remote.RemoteWebDriver.<init>(RemoteWebDriver.java:161)
at org.openqa.selenium.chromium.ChromiumDriver.<init>(ChromiumDriver.java:114)
at org.openqa.selenium.chrome.ChromeDriver.<init>(ChromeDriver.java:88)
at org.openqa.selenium.chrome.ChromeDriver.<init>(ChromeDriver.java:83)
at org.openqa.selenium.chrome.ChromeDriver.<init>(ChromeDriver.java:51)
at browserImplementation.BrowserConfig.chooseBrowser(BrowserConfig.java:17)
at tests.BaseTest.setUp(BaseTest.java:31)
Caused by: org.openqa.selenium.TimeoutException: java.net.http.HttpTimeoutException: request timed out
Build info: version: '4.20.0', revision: '866c76ca80'
System info: os.name: 'Windows 11', os.arch: 'amd64', os.version: '10.0', java.version: '21.0.10'
Driver info: driver.version: ChromeDriver
at org.openqa.selenium.remote.http.jdk.JdkHttpClient.execute0(JdkHttpClient.java:386)
at org.openqa.selenium.remote.http.AddSeleniumUserAgent.lambda$apply$0(AddSeleniumUserAgent.java:42)
at org.openqa.selenium.remote.http.Filter.lambda$andFinally$1(Filter.java:55)
at org.openqa.selenium.remote.http.jdk.JdkHttpClient.execute(JdkHttpClient.java:352)
at org.openqa.selenium.remote.ProtocolHandshake.createSession(ProtocolHandshake.java:89)
at org.openqa.selenium.remote.ProtocolHandshake.createSession(ProtocolHandshake.java:75)
at org.openqa.selenium.remote.ProtocolHandshake.createSession(ProtocolHandshake.java:61)
at org.openqa.selenium.remote.HttpCommandExecutor.execute(HttpCommandExecutor.java:162)
at org.openqa.selenium.remote.service.DriverCommandExecutor.invokeExecute(DriverCommandExecutor.java:216)
at org.openqa.selenium.remote.service.DriverCommandExecutor.execute(DriverCommandExecutor.java:174)
at org.openqa.selenium.remote.RemoteWebDriver.execute(RemoteWebDriver.java:518)
... 25 more
Caused by: java.net.http.HttpTimeoutException: request timed out
at java.net.http/jdk.internal.net.http.ResponseTimerEvent.handle(ResponseTimerEvent.java:63)
at java.net.http/jdk.internal.net.http.HttpClientImpl.purgeTimeoutsAndReturnNextDeadline(HttpClientImpl.java:1788)
at java.net.http/jdk.internal.net.http.HttpClientImpl$SelectorManager.run(HttpClientImpl.java:1386)
... Removed 17 stack frames]]>
    </failure>
  </testcase> <!-- @BeforeSuite setUp -->
  <testcase classname="tests.LandingPageTest" name="@BeforeClass initilizeDriver" time="0.0">
    <skipped/>
  </testcase> <!-- @BeforeClass initilizeDriver -->
  <testcase classname="tests.FixeddepositTest" name="@BeforeClass initilizeDriver" time="0.0">
    <skipped/>
  </testcase> <!-- @BeforeClass initilizeDriver -->
  <testcase classname="tests.LandingPageTest" name="hoverToDiscoverProducts" time="0.0">
    <skipped/>
  </testcase> <!-- hoverToDiscoverProducts -->
  <testcase classname="tests.BaseTest" name="testHomeLoanPageurl" time="0.0">
    <skipped/>
  </testcase> <!-- testHomeLoanPageurl -->
  <testcase classname="tests.LandingPageTest" name="testClickOnfixedDeposite" time="0.0">
    <skipped/>
  </testcase> <!-- testClickOnfixedDeposite -->
  <testcase classname="tests.FixeddepositTest" name="depositeDropDownTest" time="0.0">
    <skipped/>
  </testcase> <!-- depositeDropDownTest -->
  <testcase classname="tests.BaseTest" name="testHomeLoanPageurl" time="0.0">
    <skipped/>
  </testcase> <!-- testHomeLoanPageurl -->
  <testcase classname="tests.FixeddepositTest" name="dateTest" time="0.0">
    <skipped/>
  </testcase> <!-- dateTest -->
  <testcase classname="tests.TestMain" name="testHomeLoanPageurl" time="0.0">
    <skipped/>
  </testcase> <!-- testHomeLoanPageurl -->
  <testcase classname="tests.TestMain" name="testHomeLoanCalculation" time="0.0">
    <skipped/>
  </testcase> <!-- testHomeLoanCalculation -->
  <testcase classname="tests.TestMain" name="testExcelDataExport" time="0.0">
    <skipped/>
  </testcase> <!-- testExcelDataExport -->
  <testcase classname="tests.TestMain" name="testInputUpdateValidation" time="0.0">
    <skipped/>
  </testcase> <!-- testInputUpdateValidation -->
  <testcase classname="tests.BaseTest" name="@BeforeSuite setUp" time="0.0">
    <ignored/>
  </testcase> <!-- @BeforeSuite setUp -->
  <testcase classname="tests.TestMain" name="@BeforeSuite setUp" time="0.0">
    <ignored/>
  </testcase> <!-- @BeforeSuite setUp -->
  <testcase classname="tests.BaseTest" name="@AfterSuite tearDownDriver" time="0.0">
    <ignored/>
  </testcase> <!-- @AfterSuite tearDownDriver -->
  <testcase classname="tests.BaseTest" name="@AfterSuite tearDownDriver" time="0.0">
    <ignored/>
  </testcase> <!-- @AfterSuite tearDownDriver -->
</testsuite> <!-- Test -->
