<?xml version="1.0" encoding="UTF-8"?>
<!-- Generated by org.testng.reporters.JUnitXMLReporter -->
<testsuite ignored="2" hostname="LTIN718395" failures="0" tests="4" name="Test" time="47.326" errors="0" timestamp="2026-05-03T12:07:53 IST">
  <testcase classname="tests.LandingPageTest" name="hoverToDiscoverProducts" time="9.459"/>
  <testcase classname="tests.LandingPageTest" name="testClickOnfixedDeposite" time="11.069"/>
  <testcase classname="tests.FixeddepositTest" name="depositeDropDownTest" time="23.265"/>
  <testcase classname="tests.FixeddepositTest" name="dateTest" time="3.447"/>
  <testcase classname="tests.BaseTest" name="@AfterSuite tearDownDriver" time="0.0">
    <ignored/>
  </testcase> <!-- @AfterSuite tearDownDriver -->
  <testcase classname="tests.BaseTest" name="@BeforeSuite setUpDriver" time="0.0">
    <ignored/>
  </testcase> <!-- @BeforeSuite setUpDriver -->
</testsuite> <!-- Test -->
