<?xml version="1.0" encoding="UTF-8"?>
<!-- Generated by org.testng.reporters.JUnitXMLReporter -->
<testsuite ignored="10" hostname="LTIN719129" failures="0" tests="19" name="Full Banking Flow" time="100.238" errors="0" timestamp="2026-05-08T10:45:23 IST">
  <testcase classname="test.LandingPageTest" name="hoverToDiscoverProducts" time="15.326"/>
  <testcase classname="test.LandingPageTest" name="testClickOnfixedDeposite" time="16.659"/>
  <testcase classname="test.FixedDepositTest" name="depositeDropDownTest" time="23.244"/>
  <testcase classname="test.FixedDepositTest" name="dateTest" time="3.53"/>
  <testcase classname="test.SipTest" name="navigatingToSip" time="3.127"/>
  <testcase classname="test.SipTest" name="findingElements" time="0.034"/>
  <testcase classname="test.SipTest" name="enterValues" time="9.924"/>
  <testcase classname="test.SipTest" name="printValues" time="0.002"/>
  <testcase classname="test.CarLoanTest" name="navigatingToCarLoan" time="1.1"/>
  <testcase classname="test.CarLoanTest" name="findingElements" time="0.0"/>
  <testcase classname="test.CarLoanTest" name="enterValues" time="2.442"/>
  <testcase classname="test.CarLoanTest" name="printValues" time="0.092"/>
  <testcase classname="test.HomeLoanTest" name="testHomeLoanPageurl" time="1.707"/>
  <testcase classname="test.HomeLoanTest" name="testHomeLoanCalculation" time="3.621"/>
  <testcase classname="test.HomeLoanTest" name="testMultipleInputScenarios" time="9.996"/>
  <testcase classname="test.HomeLoanEligibilityTest" name="navigatingToHomeLoanEligibility" time="2.365"/>
  <testcase classname="test.HomeLoanEligibilityTest" name="findingElements" time="0.022"/>
  <testcase classname="test.HomeLoanEligibilityTest" name="enterValues" time="6.656"/>
  <testcase classname="test.HomeLoanEligibilityTest" name="CaptureResults" time="0.0"/>
  <testcase classname="test.BaseTest" name="@BeforeSuite globalSetup" time="0.0">
    <ignored/>
  </testcase> <!-- @BeforeSuite globalSetup -->
  <testcase classname="test.BaseTest" name="@AfterSuite globalTeardown" time="0.0">
    <ignored/>
  </testcase> <!-- @AfterSuite globalTeardown -->
  <testcase classname="test.BaseTest" name="@AfterSuite globalTeardown" time="0.0">
    <ignored/>
  </testcase> <!-- @AfterSuite globalTeardown -->
  <testcase classname="test.BaseTest" name="@AfterSuite globalTeardown" time="0.0">
    <ignored/>
  </testcase> <!-- @AfterSuite globalTeardown -->
  <testcase classname="test.BaseTest" name="@BeforeSuite globalSetup" time="0.0">
    <ignored/>
  </testcase> <!-- @BeforeSuite globalSetup -->
  <testcase classname="test.BaseTest" name="@BeforeSuite globalSetup" time="0.0">
    <ignored/>
  </testcase> <!-- @BeforeSuite globalSetup -->
  <testcase classname="test.BaseTest" name="@AfterSuite globalTeardown" time="0.0">
    <ignored/>
  </testcase> <!-- @AfterSuite globalTeardown -->
  <testcase classname="test.BaseTest" name="@BeforeSuite globalSetup" time="0.0">
    <ignored/>
  </testcase> <!-- @BeforeSuite globalSetup -->
  <testcase classname="test.BaseTest" name="@BeforeSuite globalSetup" time="0.0">
    <ignored/>
  </testcase> <!-- @BeforeSuite globalSetup -->
  <testcase classname="test.BaseTest" name="@AfterSuite globalTeardown" time="0.0">
    <ignored/>
  </testcase> <!-- @AfterSuite globalTeardown -->
</testsuite> <!-- Full Banking Flow -->
