<?xml version="1.0" encoding="UTF-8"?>
<!-- Generated by org.testng.reporters.JUnitXMLReporter -->
<testsuite ignored="10" hostname="LTIN719129" failures="0" tests="20" name="Full Banking Flow" time="105.312" errors="0" timestamp="2026-05-09T11:38:03 IST">
  <testcase classname="test.LandingPageTest" name="hoverToDiscoverProducts" time="15.336"/>
  <testcase classname="test.LandingPageTest" name="testClickOnfixedDeposite" time="12.232"/>
  <testcase classname="test.FixedDepositTest" name="testFixed_deposite" time="0.074"/>
  <testcase classname="test.FixedDepositTest" name="depositeDropDownTest" time="8.9"/>
  <testcase classname="test.FixedDepositTest" name="dateTest" time="13.9"/>
  <testcase classname="test.SipTest" name="navigatingToSip" time="3.938"/>
  <testcase classname="test.SipTest" name="findingElements" time="0.114"/>
  <testcase classname="test.SipTest" name="enterValues" time="11.472"/>
  <testcase classname="test.SipTest" name="printValues" time="0.009"/>
  <testcase classname="test.CarLoanTest" name="navigatingToCarLoan" time="2.304"/>
  <testcase classname="test.CarLoanTest" name="findingElements" time="0.004"/>
  <testcase classname="test.CarLoanTest" name="enterValues" time="2.823"/>
  <testcase classname="test.CarLoanTest" name="printValues" time="0.247"/>
  <testcase classname="test.HomeLoanTest" name="testHomeLoanPageurl" time="1.477"/>
  <testcase classname="test.HomeLoanTest" name="testHomeLoanCalculation" time="4.399"/>
  <testcase classname="test.HomeLoanTest" name="testMultipleInputScenarios" time="16.353"/>
  <testcase classname="test.HomeLoanEligibilityTest" name="navigatingToHomeLoanEligibility" time="2.748"/>
  <testcase classname="test.HomeLoanEligibilityTest" name="findingElements" time="0.09"/>
  <testcase classname="test.HomeLoanEligibilityTest" name="enterValues" time="8.253"/>
  <testcase classname="test.HomeLoanEligibilityTest" name="CaptureResults" time="0.19"/>
  <testcase classname="test.BaseTest" name="@BeforeSuite globalSetup" time="0.0">
    <ignored/>
  </testcase> <!-- @BeforeSuite globalSetup -->
  <testcase classname="test.BaseTest" name="@AfterSuite globalTeardown" time="0.0">
    <ignored/>
  </testcase> <!-- @AfterSuite globalTeardown -->
  <testcase classname="test.BaseTest" name="@AfterSuite globalTeardown" time="0.0">
    <ignored/>
  </testcase> <!-- @AfterSuite globalTeardown -->
  <testcase classname="test.BaseTest" name="@BeforeSuite globalSetup" time="0.0">
    <ignored/>
  </testcase> <!-- @BeforeSuite globalSetup -->
  <testcase classname="test.BaseTest" name="@AfterSuite globalTeardown" time="0.0">
    <ignored/>
  </testcase> <!-- @AfterSuite globalTeardown -->
  <testcase classname="test.BaseTest" name="@AfterSuite globalTeardown" time="0.0">
    <ignored/>
  </testcase> <!-- @AfterSuite globalTeardown -->
  <testcase classname="test.BaseTest" name="@AfterSuite globalTeardown" time="0.0">
    <ignored/>
  </testcase> <!-- @AfterSuite globalTeardown -->
  <testcase classname="test.BaseTest" name="@BeforeSuite globalSetup" time="0.0">
    <ignored/>
  </testcase> <!-- @BeforeSuite globalSetup -->
  <testcase classname="test.BaseTest" name="@BeforeSuite globalSetup" time="0.0">
    <ignored/>
  </testcase> <!-- @BeforeSuite globalSetup -->
  <testcase classname="test.BaseTest" name="@BeforeSuite globalSetup" time="0.0">
    <ignored/>
  </testcase> <!-- @BeforeSuite globalSetup -->
</testsuite> <!-- Full Banking Flow -->
