<?xml version="1.0" encoding="UTF-8"?>
<testng-results ignored="0" total="1" passed="1" failed="0" skipped="0">
  <reporter-output>
  </reporter-output>
  <suite started-at="2026-04-29T09:07:22 IST" name="Default suite" finished-at="2026-04-29T09:07:41 IST" duration-ms="19363">
    <groups>
    </groups>
    <test started-at="2026-04-29T09:07:22 IST" name="Default test" finished-at="2026-04-29T09:07:41 IST" duration-ms="19363">
      <class name="homeloan_hdfc.Test_HomeLoan">
        <test-method is-config="true" signature="setup()[pri:0, instance:homeloan_hdfc.Test_HomeLoan@2f4948e4]" started-at="2026-04-29T09:07:22 IST" name="setup" finished-at="2026-04-29T09:07:31 IST" duration-ms="8917" status="PASS">
          <reporter-output>
          </reporter-output>
        </test-method> <!-- setup -->
        <test-method signature="calculateHomeLoan()[pri:0, instance:homeloan_hdfc.Test_HomeLoan@2f4948e4]" started-at="2026-04-29T09:07:31 IST" name="calculateHomeLoan" finished-at="2026-04-29T09:07:36 IST" duration-ms="5245" status="PASS">
          <reporter-output>
          </reporter-output>
        </test-method> <!-- calculateHomeLoan -->
        <test-method is-config="true" signature="tearDown()[pri:0, instance:homeloan_hdfc.Test_HomeLoan@2f4948e4]" started-at="2026-04-29T09:07:36 IST" name="tearDown" finished-at="2026-04-29T09:07:41 IST" duration-ms="5136" status="PASS">
          <reporter-output>
          </reporter-output>
        </test-method> <!-- tearDown -->
      </class> <!-- homeloan_hdfc.Test_HomeLoan -->
    </test> <!-- Default test -->
  </suite> <!-- Default suite -->
</testng-results>
