<?xml version="1.0" encoding="UTF-8"?>
<!-- Generated by org.testng.reporters.JUnitXMLReporter -->
<testsuite ignored="2" hostname="LTIN719129" failures="0" tests="7" name="Insurance and Loan Tests" time="25.571" errors="0" timestamp="2026-05-07T08:47:30 IST">
  <testcase classname="test.SipTest" name="navigatingToSip" time="3.333"/>
  <testcase classname="test.SipTest" name="findingElements" time="0.107"/>
  <testcase classname="test.SipTest" name="enterValues" time="11.777"/>
  <testcase classname="test.SipTest" name="printValues" time="0.005"/>
  <testcase classname="test.TestMain" name="testHomeLoanPageurl" time="1.274"/>
  <testcase classname="test.TestMain" name="testHomeLoanCalculation" time="3.779"/>
  <testcase classname="test.TestMain" name="testMultipleInputScenarios" time="5.224"/>
  <testcase classname="test.BaseTest" name="@AfterSuite globalTeardown" time="0.0">
    <ignored/>
  </testcase> <!-- @AfterSuite globalTeardown -->
  <testcase classname="test.BaseTest" name="@BeforeSuite globalSetup" time="0.0">
    <ignored/>
  </testcase> <!-- @BeforeSuite globalSetup -->
</testsuite> <!-- Insurance and Loan Tests -->
