<?xml version="1.0" encoding="UTF-8"?>
<!-- Generated by org.testng.reporters.JUnitReportReporter -->
<testsuite hostname="LTIN718395" failures="0" tests="4" name="test.TestMain" time="11.284" errors="0" timestamp="2026-05-06T12:00:48 IST" skipped="0">
  <testcase classname="test.TestMain" name="testHomeLoanPageurl" time="2.516"/>
  <testcase classname="test.TestMain" name="testHomeLoanCalculation" time="4.194"/>
  <testcase classname="test.TestMain" name="testExcelDataExport" time="1.916"/>
  <testcase classname="test.TestMain" name="testInputUpdateValidation" time="2.658"/>
</testsuite> <!-- test.TestMain -->
