<?xml version="1.0" encoding="UTF-8"?>
<!-- Generated by org.testng.reporters.JUnitReportReporter -->
<testsuite hostname="LTIN719129" failures="0" tests="4" name="test.CarLoanTest" time="3.499" errors="0" timestamp="2026-05-07T14:18:18 IST" skipped="0">
  <testcase classname="test.CarLoanTest" name="navigatingToCarLoan" time="1.020"/>
  <testcase classname="test.CarLoanTest" name="findingElements" time="0.002"/>
  <testcase classname="test.CarLoanTest" name="enterValues" time="2.326"/>
  <testcase classname="test.CarLoanTest" name="printValues" time="0.151"/>
</testsuite> <!-- test.CarLoanTest -->
