<?xml version="1.0" encoding="UTF-8"?>
<!-- Generated by org.testng.reporters.JUnitReportReporter -->
<testsuite hostname="LTIN718395" failures="0" tests="3" name="tests.FixeddepositTest" time="0.000" errors="0" timestamp="2026-05-06T13:38:15 IST" skipped="3">
  <testcase classname="tests.FixeddepositTest" name="depositeDropDownTest" time="0.000">
    <skipped/>
  </testcase> <!-- depositeDropDownTest -->
  <testcase classname="tests.FixeddepositTest" name="testHomeLoanPageurl" time="0.000">
    <skipped/>
  </testcase> <!-- testHomeLoanPageurl -->
  <testcase classname="tests.FixeddepositTest" name="dateTest" time="0.000">
    <skipped/>
  </testcase> <!-- dateTest -->
</testsuite> <!-- tests.FixeddepositTest -->
