<?xml version="1.0" encoding="UTF-8"?>
<!-- Generated by org.testng.reporters.JUnitReportReporter -->
<testsuite hostname="LTIN719129" failures="0" tests="3" name="test.FixedDepositTest" time="22.874" errors="0" timestamp="2026-05-09T11:38:07 IST" skipped="0">
  <testcase classname="test.FixedDepositTest" name="testFixed_deposite" time="0.074"/>
  <testcase classname="test.FixedDepositTest" name="depositeDropDownTest" time="8.900"/>
  <testcase classname="test.FixedDepositTest" name="dateTest" time="13.900"/>
</testsuite> <!-- test.FixedDepositTest -->
