<?xml version="1.0" encoding="UTF-8"?>
<!-- Generated by org.testng.reporters.JUnitReportReporter -->
<testsuite hostname="LTIN719129" failures="0" tests="3" name="test.HomeLoanTest" time="15.324" errors="0" timestamp="2026-05-08T10:45:25 IST" skipped="0">
  <testcase classname="test.HomeLoanTest" name="testHomeLoanPageurl" time="1.707"/>
  <testcase classname="test.HomeLoanTest" name="testHomeLoanCalculation" time="3.621"/>
  <testcase classname="test.HomeLoanTest" name="testMultipleInputScenarios" time="9.996"/>
</testsuite> <!-- test.HomeLoanTest -->
