<?xml version="1.0" encoding="UTF-8"?>
<!-- Generated by org.testng.reporters.JUnitReportReporter -->
<testsuite hostname="LTIN719129" failures="0" tests="3" name="test.TestMain" time="14.089" errors="0" timestamp="2026-05-07T10:58:05 IST" skipped="0">
  <testcase classname="test.TestMain" name="testHomeLoanPageurl" time="0.527"/>
  <testcase classname="test.TestMain" name="testHomeLoanCalculation" time="3.537"/>
  <testcase classname="test.TestMain" name="testMultipleInputScenarios" time="10.025"/>
</testsuite> <!-- test.TestMain -->
