<?xml version="1.0" encoding="UTF-8"?>
<!-- Generated by org.testng.reporters.JUnitReportReporter -->
<testsuite hostname="LTIN719129" failures="0" tests="4" name="test.HomeLoanEligibilityTest" time="10.401" errors="0" timestamp="2026-05-07T11:09:42 IST" skipped="0">
  <testcase classname="test.HomeLoanEligibilityTest" name="navigatingToHomeLoanEligibility" time="2.350"/>
  <testcase classname="test.HomeLoanEligibilityTest" name="findingElements" time="0.089"/>
  <testcase classname="test.HomeLoanEligibilityTest" name="enterValues" time="7.962"/>
  <testcase classname="test.HomeLoanEligibilityTest" name="CaptureResults" time="0.000"/>
</testsuite> <!-- test.HomeLoanEligibilityTest -->
