<?xml version="1.0" encoding="UTF-8"?>
<!-- Generated by org.testng.reporters.JUnitReportReporter -->
<testsuite hostname="LTIN719129" failures="0" tests="4" name="test.SipTest" time="13.087" errors="0" timestamp="2026-05-08T10:45:25 IST" skipped="0">
  <testcase classname="test.SipTest" name="navigatingToSip" time="3.127"/>
  <testcase classname="test.SipTest" name="findingElements" time="0.034"/>
  <testcase classname="test.SipTest" name="enterValues" time="9.924"/>
  <testcase classname="test.SipTest" name="printValues" time="0.002"/>
</testsuite> <!-- test.SipTest -->
