<?xml version="1.0" encoding="UTF-8"?>
<!-- Generated by org.testng.reporters.JUnitReportReporter -->
<testsuite hostname="LTIN719129" failures="0" tests="3" name="test.HomeLoanTest" time="14.089" errors="0" timestamp="2026-05-07T14:18:18 IST" skipped="0">
  <testcase classname="test.HomeLoanTest" name="testHomeLoanPageurl" time="0.602"/>
  <testcase classname="test.HomeLoanTest" name="testHomeLoanCalculation" time="3.950"/>
  <testcase classname="test.HomeLoanTest" name="testMultipleInputScenarios" time="9.537"/>
</testsuite> <!-- test.HomeLoanTest -->
