<?xml version="1.0" encoding="UTF-8"?>
<!-- Generated by org.testng.reporters.JUnitReportReporter -->
<testsuite hostname="LTIN718395" failures="0" tests="4" name="tests.TestMain" time="0.000" errors="0" timestamp="2026-05-06T13:38:15 IST" skipped="4">
  <testcase classname="tests.TestMain" name="testHomeLoanPageurl" time="0.000">
    <skipped/>
  </testcase> <!-- testHomeLoanPageurl -->
  <testcase classname="tests.TestMain" name="testHomeLoanCalculation" time="0.000">
    <skipped/>
  </testcase> <!-- testHomeLoanCalculation -->
  <testcase classname="tests.TestMain" name="testExcelDataExport" time="0.000">
    <skipped/>
  </testcase> <!-- testExcelDataExport -->
  <testcase classname="tests.TestMain" name="testInputUpdateValidation" time="0.000">
    <skipped/>
  </testcase> <!-- testInputUpdateValidation -->
</testsuite> <!-- tests.TestMain -->
