<?xml version="1.0" encoding="UTF-8"?>
<!-- Generated by org.testng.reporters.JUnitReportReporter -->
<testsuite hostname="LTIN719129" failures="0" tests="4" name="test.HomeLoanEligibilityTest" time="9.043" errors="0" timestamp="2026-05-08T10:45:25 IST" skipped="0">
  <testcase classname="test.HomeLoanEligibilityTest" name="navigatingToHomeLoanEligibility" time="2.365"/>
  <testcase classname="test.HomeLoanEligibilityTest" name="findingElements" time="0.022"/>
  <testcase classname="test.HomeLoanEligibilityTest" name="enterValues" time="6.656"/>
  <testcase classname="test.HomeLoanEligibilityTest" name="CaptureResults" time="0.000"/>
</testsuite> <!-- test.HomeLoanEligibilityTest -->
