<?xml version="1.0" encoding="UTF-8"?>
<!-- Generated by org.testng.reporters.JUnitReportReporter -->
<testsuite hostname="LTIN719129" failures="0" tests="4" name="test.SipTest" time="13.300" errors="0" timestamp="2026-05-07T14:18:18 IST" skipped="0">
  <testcase classname="test.SipTest" name="navigatingToSip" time="3.150"/>
  <testcase classname="test.SipTest" name="findingElements" time="0.047"/>
  <testcase classname="test.SipTest" name="enterValues" time="10.103"/>
  <testcase classname="test.SipTest" name="printValues" time="0.000"/>
</testsuite> <!-- test.SipTest -->
