<?xml version="1.0" encoding="UTF-8"?>
<!-- Generated by org.testng.reporters.JUnitReportReporter -->
<testsuite hostname="LTIN719129" failures="0" tests="4" name="test.SipTest" time="12.483" errors="0" timestamp="2026-05-08T15:34:47 IST" skipped="0">
  <testcase classname="test.SipTest" name="navigatingToSip" time="2.570"/>
  <testcase classname="test.SipTest" name="findingElements" time="0.026"/>
  <testcase classname="test.SipTest" name="enterValues" time="9.887"/>
  <testcase classname="test.SipTest" name="printValues" time="0.000"/>
</testsuite> <!-- test.SipTest -->
