<?xml version="1.0" encoding="UTF-8"?>
<!-- Generated by org.testng.reporters.JUnitReportReporter -->
<testsuite hostname="LTIN719129" failures="0" tests="4" name="test.CarLoanTest" time="7.435" errors="0" timestamp="2026-05-08T15:34:47 IST" skipped="0">
  <testcase classname="test.CarLoanTest" name="navigatingToCarLoan" time="4.796"/>
  <testcase classname="test.CarLoanTest" name="findingElements" time="0.000"/>
  <testcase classname="test.CarLoanTest" name="enterValues" time="2.503"/>
  <testcase classname="test.CarLoanTest" name="printValues" time="0.136"/>
</testsuite> <!-- test.CarLoanTest -->
