<?xml version="1.0" encoding="UTF-8"?>
<!-- Generated by org.testng.reporters.JUnitReportReporter -->
<testsuite hostname="LTIN719129" failures="0" tests="3" name="test.HomeLoanTest" time="13.724" errors="0" timestamp="2026-05-08T15:34:47 IST" skipped="0">
  <testcase classname="test.HomeLoanTest" name="testHomeLoanPageurl" time="0.512"/>
  <testcase classname="test.HomeLoanTest" name="testHomeLoanCalculation" time="3.494"/>
  <testcase classname="test.HomeLoanTest" name="testMultipleInputScenarios" time="9.718"/>
</testsuite> <!-- test.HomeLoanTest -->
